Started GET "/" for 71.220.206.117 at 2018-08-11 04:47:50 +0000
Cannot render console from 71.220.206.117! Allowed networks: 127.0.0.1, ::1, 127.0.0.0/127.255.255.255
Processing by Rails::WelcomeController#index as HTML
  Rendering /home/codio/.rvm/gems/ruby-2.4.1/gems/railties-5.1.6/lib/rails/templates/rails/welcome/index.html.erb
  Rendered /home/codio/.rvm/gems/ruby-2.4.1/gems/railties-5.1.6/lib/rails/templates/rails/welcome/index.html.erb (2.6ms)
Completed 200 OK in 175ms (Views: 6.1ms)


Started GET "/" for 71.220.206.117 at 2018-08-11 04:56:56 +0000
Cannot render console from 71.220.206.117! Allowed networks: 127.0.0.1, ::1, 127.0.0.0/127.255.255.255
  
ActionController::RoutingError (uninitialized constant PostsController):
  
activesupport (5.1.6) lib/active_support/inflector/methods.rb:269:in `const_get'
activesupport (5.1.6) lib/active_support/inflector/methods.rb:269:in `block in constantize'
activesupport (5.1.6) lib/active_support/inflector/methods.rb:267:in `each'
activesupport (5.1.6) lib/active_support/inflector/methods.rb:267:in `inject'
activesupport (5.1.6) lib/active_support/inflector/methods.rb:267:in `constantize'
actionpack (5.1.6) lib/action_dispatch/http/request.rb:85:in `controller_class_for'
actionpack (5.1.6) lib/action_dispatch/http/request.rb:78:in `controller_class'
actionpack (5.1.6) lib/action_dispatch/routing/route_set.rb:43:in `controller'
actionpack (5.1.6) lib/action_dispatch/routing/route_set.rb:29:in `serve'
actionpack (5.1.6) lib/action_dispatch/journey/router.rb:50:in `block in serve'
actionpack (5.1.6) lib/action_dispatch/journey/router.rb:33:in `each'
actionpack (5.1.6) lib/action_dispatch/journey/router.rb:33:in `serve'
actionpack (5.1.6) lib/action_dispatch/routing/route_set.rb:844:in `call'
rack (2.0.5) lib/rack/etag.rb:25:in `call'
rack (2.0.5) lib/rack/conditional_get.rb:25:in `call'
rack (2.0.5) lib/rack/head.rb:12:in `call'
rack (2.0.5) lib/rack/session/abstract/id.rb:232:in `context'
rack (2.0.5) lib/rack/session/abstract/id.rb:226:in `call'
actionpack (5.1.6) lib/action_dispatch/middleware/cookies.rb:613:in `call'
activerecord (5.1.6) lib/active_record/migration.rb:556:in `call'
actionpack (5.1.6) lib/action_dispatch/middleware/callbacks.rb:26:in `block in call'
activesupport (5.1.6) lib/active_support/callbacks.rb:97:in `run_callbacks'
actionpack (5.1.6) lib/action_dispatch/middleware/callbacks.rb:24:in `call'
actionpack (5.1.6) lib/action_dispatch/middleware/executor.rb:12:in `call'
actionpack (5.1.6) lib/action_dispatch/middleware/debug_exceptions.rb:59:in `call'
web-console (3.6.2) lib/web_console/middleware.rb:135:in `call_app'
web-console (3.6.2) lib/web_console/middleware.rb:22:in `block in call'
web-console (3.6.2) lib/web_console/middleware.rb:20:in `catch'
web-console (3.6.2) lib/web_console/middleware.rb:20:in `call'
actionpack (5.1.6) lib/action_dispatch/middleware/show_exceptions.rb:31:in `call'
railties (5.1.6) lib/rails/rack/logger.rb:36:in `call_app'
railties (5.1.6) lib/rails/rack/logger.rb:24:in `block in call'
activesupport (5.1.6) lib/active_support/tagged_logging.rb:69:in `block in tagged'
activesupport (5.1.6) lib/active_support/tagged_logging.rb:26:in `tagged'
activesupport (5.1.6) lib/active_support/tagged_logging.rb:69:in `tagged'
railties (5.1.6) lib/rails/rack/logger.rb:24:in `call'
sprockets-rails (3.2.1) lib/sprockets/rails/quiet_assets.rb:13:in `call'
actionpack (5.1.6) lib/action_dispatch/middleware/remote_ip.rb:79:in `call'
actionpack (5.1.6) lib/action_dispatch/middleware/request_id.rb:25:in `call'
rack (2.0.5) lib/rack/method_override.rb:22:in `call'
rack (2.0.5) lib/rack/runtime.rb:22:in `call'
activesupport (5.1.6) lib/active_support/cache/strategy/local_cache_middleware.rb:27:in `call'
actionpack (5.1.6) lib/action_dispatch/middleware/executor.rb:12:in `call'
actionpack (5.1.6) lib/action_dispatch/middleware/static.rb:125:in `call'
rack (2.0.5) lib/rack/sendfile.rb:111:in `call'
railties (5.1.6) lib/rails/engine.rb:522:in `call'
puma (3.12.0) lib/puma/configuration.rb:225:in `call'
puma (3.12.0) lib/puma/server.rb:658:in `handle_request'
puma (3.12.0) lib/puma/server.rb:472:in `process_client'
puma (3.12.0) lib/puma/server.rb:332:in `block in run'
puma (3.12.0) lib/puma/thread_pool.rb:133:in `block in spawn_thread'
Started GET "/" for 71.220.206.117 at 2018-08-11 04:57:54 +0000
Cannot render console from 71.220.206.117! Allowed networks: 127.0.0.1, ::1, 127.0.0.0/127.255.255.255
Processing by PostController#index as HTML
  Rendering post/index.html.erb within layouts/application
  Rendered post/index.html.erb within layouts/application (0.9ms)
Completed 200 OK in 570ms (Views: 391.2ms)


Started GET "/" for 168.223.34.211 at 2018-08-13 21:39:04 +0000
Cannot render console from 168.223.34.211! Allowed networks: 127.0.0.1, ::1, 127.0.0.0/127.255.255.255
Processing by PostController#index as HTML
  Rendering post/index.html.erb within layouts/application
  Rendered post/index.html.erb within layouts/application (0.9ms)
Completed 200 OK in 394ms (Views: 240.9ms)


Started GET "/" for 168.223.34.211 at 2018-08-13 21:42:02 +0000
Cannot render console from 168.223.34.211! Allowed networks: 127.0.0.1, ::1, 127.0.0.0/127.255.255.255
Processing by PostController#index as HTML
Completed 500 Internal Server Error in 2ms


  
NameError (uninitialized constant PostController::Post):
  
app/controllers/post_controller.rb:4:in `index'
Started GET "/" for 168.223.34.211 at 2018-08-13 21:42:15 +0000
Cannot render console from 168.223.34.211! Allowed networks: 127.0.0.1, ::1, 127.0.0.0/127.255.255.255
Processing by PostController#index as HTML
Completed 500 Internal Server Error in 4ms


  
NameError (uninitialized constant PostController::Post):
  
app/controllers/post_controller.rb:4:in `index'
Started GET "/" for 168.223.34.211 at 2018-08-13 21:42:45 +0000
Cannot render console from 168.223.34.211! Allowed networks: 127.0.0.1, ::1, 127.0.0.0/127.255.255.255
  
ActionController::RoutingError (uninitialized constant PostsController):
  
activesupport (5.1.6) lib/active_support/inflector/methods.rb:269:in `const_get'
activesupport (5.1.6) lib/active_support/inflector/methods.rb:269:in `block in constantize'
activesupport (5.1.6) lib/active_support/inflector/methods.rb:267:in `each'
activesupport (5.1.6) lib/active_support/inflector/methods.rb:267:in `inject'
activesupport (5.1.6) lib/active_support/inflector/methods.rb:267:in `constantize'
actionpack (5.1.6) lib/action_dispatch/http/request.rb:85:in `controller_class_for'
actionpack (5.1.6) lib/action_dispatch/http/request.rb:78:in `controller_class'
actionpack (5.1.6) lib/action_dispatch/routing/route_set.rb:43:in `controller'
actionpack (5.1.6) lib/action_dispatch/routing/route_set.rb:29:in `serve'
actionpack (5.1.6) lib/action_dispatch/journey/router.rb:50:in `block in serve'
actionpack (5.1.6) lib/action_dispatch/journey/router.rb:33:in `each'
actionpack (5.1.6) lib/action_dispatch/journey/router.rb:33:in `serve'
actionpack (5.1.6) lib/action_dispatch/routing/route_set.rb:844:in `call'
rack (2.0.5) lib/rack/etag.rb:25:in `call'
rack (2.0.5) lib/rack/conditional_get.rb:25:in `call'
rack (2.0.5) lib/rack/head.rb:12:in `call'
rack (2.0.5) lib/rack/session/abstract/id.rb:232:in `context'
rack (2.0.5) lib/rack/session/abstract/id.rb:226:in `call'
actionpack (5.1.6) lib/action_dispatch/middleware/cookies.rb:613:in `call'
activerecord (5.1.6) lib/active_record/migration.rb:556:in `call'
actionpack (5.1.6) lib/action_dispatch/middleware/callbacks.rb:26:in `block in call'
activesupport (5.1.6) lib/active_support/callbacks.rb:97:in `run_callbacks'
actionpack (5.1.6) lib/action_dispatch/middleware/callbacks.rb:24:in `call'
actionpack (5.1.6) lib/action_dispatch/middleware/executor.rb:12:in `call'
actionpack (5.1.6) lib/action_dispatch/middleware/debug_exceptions.rb:59:in `call'
web-console (3.6.2) lib/web_console/middleware.rb:135:in `call_app'
web-console (3.6.2) lib/web_console/middleware.rb:22:in `block in call'
web-console (3.6.2) lib/web_console/middleware.rb:20:in `catch'
web-console (3.6.2) lib/web_console/middleware.rb:20:in `call'
actionpack (5.1.6) lib/action_dispatch/middleware/show_exceptions.rb:31:in `call'
railties (5.1.6) lib/rails/rack/logger.rb:36:in `call_app'
railties (5.1.6) lib/rails/rack/logger.rb:24:in `block in call'
activesupport (5.1.6) lib/active_support/tagged_logging.rb:69:in `block in tagged'
activesupport (5.1.6) lib/active_support/tagged_logging.rb:26:in `tagged'
activesupport (5.1.6) lib/active_support/tagged_logging.rb:69:in `tagged'
railties (5.1.6) lib/rails/rack/logger.rb:24:in `call'
sprockets-rails (3.2.1) lib/sprockets/rails/quiet_assets.rb:13:in `call'
actionpack (5.1.6) lib/action_dispatch/middleware/remote_ip.rb:79:in `call'
actionpack (5.1.6) lib/action_dispatch/middleware/request_id.rb:25:in `call'
rack (2.0.5) lib/rack/method_override.rb:22:in `call'
rack (2.0.5) lib/rack/runtime.rb:22:in `call'
activesupport (5.1.6) lib/active_support/cache/strategy/local_cache_middleware.rb:27:in `call'
actionpack (5.1.6) lib/action_dispatch/middleware/executor.rb:12:in `call'
actionpack (5.1.6) lib/action_dispatch/middleware/static.rb:125:in `call'
rack (2.0.5) lib/rack/sendfile.rb:111:in `call'
railties (5.1.6) lib/rails/engine.rb:522:in `call'
puma (3.12.0) lib/puma/configuration.rb:225:in `call'
puma (3.12.0) lib/puma/server.rb:658:in `handle_request'
puma (3.12.0) lib/puma/server.rb:472:in `process_client'
puma (3.12.0) lib/puma/server.rb:332:in `block in run'
puma (3.12.0) lib/puma/thread_pool.rb:133:in `block in spawn_thread'
Started GET "/" for 168.223.34.211 at 2018-08-13 21:42:56 +0000
Cannot render console from 168.223.34.211! Allowed networks: 127.0.0.1, ::1, 127.0.0.0/127.255.255.255
  
ActionController::RoutingError (uninitialized constant PostsController):
  
activesupport (5.1.6) lib/active_support/inflector/methods.rb:269:in `const_get'
activesupport (5.1.6) lib/active_support/inflector/methods.rb:269:in `block in constantize'
activesupport (5.1.6) lib/active_support/inflector/methods.rb:267:in `each'
activesupport (5.1.6) lib/active_support/inflector/methods.rb:267:in `inject'
activesupport (5.1.6) lib/active_support/inflector/methods.rb:267:in `constantize'
actionpack (5.1.6) lib/action_dispatch/http/request.rb:85:in `controller_class_for'
actionpack (5.1.6) lib/action_dispatch/http/request.rb:78:in `controller_class'
actionpack (5.1.6) lib/action_dispatch/routing/route_set.rb:43:in `controller'
actionpack (5.1.6) lib/action_dispatch/routing/route_set.rb:29:in `serve'
actionpack (5.1.6) lib/action_dispatch/journey/router.rb:50:in `block in serve'
actionpack (5.1.6) lib/action_dispatch/journey/router.rb:33:in `each'
actionpack (5.1.6) lib/action_dispatch/journey/router.rb:33:in `serve'
actionpack (5.1.6) lib/action_dispatch/routing/route_set.rb:844:in `call'
rack (2.0.5) lib/rack/etag.rb:25:in `call'
rack (2.0.5) lib/rack/conditional_get.rb:25:in `call'
rack (2.0.5) lib/rack/head.rb:12:in `call'
rack (2.0.5) lib/rack/session/abstract/id.rb:232:in `context'
rack (2.0.5) lib/rack/session/abstract/id.rb:226:in `call'
actionpack (5.1.6) lib/action_dispatch/middleware/cookies.rb:613:in `call'
activerecord (5.1.6) lib/active_record/migration.rb:556:in `call'
actionpack (5.1.6) lib/action_dispatch/middleware/callbacks.rb:26:in `block in call'
activesupport (5.1.6) lib/active_support/callbacks.rb:97:in `run_callbacks'
actionpack (5.1.6) lib/action_dispatch/middleware/callbacks.rb:24:in `call'
actionpack (5.1.6) lib/action_dispatch/middleware/executor.rb:12:in `call'
actionpack (5.1.6) lib/action_dispatch/middleware/debug_exceptions.rb:59:in `call'
web-console (3.6.2) lib/web_console/middleware.rb:135:in `call_app'
web-console (3.6.2) lib/web_console/middleware.rb:22:in `block in call'
web-console (3.6.2) lib/web_console/middleware.rb:20:in `catch'
web-console (3.6.2) lib/web_console/middleware.rb:20:in `call'
actionpack (5.1.6) lib/action_dispatch/middleware/show_exceptions.rb:31:in `call'
railties (5.1.6) lib/rails/rack/logger.rb:36:in `call_app'
railties (5.1.6) lib/rails/rack/logger.rb:24:in `block in call'
activesupport (5.1.6) lib/active_support/tagged_logging.rb:69:in `block in tagged'
activesupport (5.1.6) lib/active_support/tagged_logging.rb:26:in `tagged'
activesupport (5.1.6) lib/active_support/tagged_logging.rb:69:in `tagged'
railties (5.1.6) lib/rails/rack/logger.rb:24:in `call'
sprockets-rails (3.2.1) lib/sprockets/rails/quiet_assets.rb:13:in `call'
actionpack (5.1.6) lib/action_dispatch/middleware/remote_ip.rb:79:in `call'
actionpack (5.1.6) lib/action_dispatch/middleware/request_id.rb:25:in `call'
rack (2.0.5) lib/rack/method_override.rb:22:in `call'
rack (2.0.5) lib/rack/runtime.rb:22:in `call'
activesupport (5.1.6) lib/active_support/cache/strategy/local_cache_middleware.rb:27:in `call'
actionpack (5.1.6) lib/action_dispatch/middleware/executor.rb:12:in `call'
actionpack (5.1.6) lib/action_dispatch/middleware/static.rb:125:in `call'
rack (2.0.5) lib/rack/sendfile.rb:111:in `call'
railties (5.1.6) lib/rails/engine.rb:522:in `call'
puma (3.12.0) lib/puma/configuration.rb:225:in `call'
puma (3.12.0) lib/puma/server.rb:658:in `handle_request'
puma (3.12.0) lib/puma/server.rb:472:in `process_client'
puma (3.12.0) lib/puma/server.rb:332:in `block in run'
puma (3.12.0) lib/puma/thread_pool.rb:133:in `block in spawn_thread'
Started GET "/" for 168.223.34.211 at 2018-08-13 21:42:57 +0000
Cannot render console from 168.223.34.211! Allowed networks: 127.0.0.1, ::1, 127.0.0.0/127.255.255.255
  
ActionController::RoutingError (uninitialized constant PostsController):
  
activesupport (5.1.6) lib/active_support/inflector/methods.rb:269:in `const_get'
activesupport (5.1.6) lib/active_support/inflector/methods.rb:269:in `block in constantize'
activesupport (5.1.6) lib/active_support/inflector/methods.rb:267:in `each'
activesupport (5.1.6) lib/active_support/inflector/methods.rb:267:in `inject'
activesupport (5.1.6) lib/active_support/inflector/methods.rb:267:in `constantize'
actionpack (5.1.6) lib/action_dispatch/http/request.rb:85:in `controller_class_for'
actionpack (5.1.6) lib/action_dispatch/http/request.rb:78:in `controller_class'
actionpack (5.1.6) lib/action_dispatch/routing/route_set.rb:43:in `controller'
actionpack (5.1.6) lib/action_dispatch/routing/route_set.rb:29:in `serve'
actionpack (5.1.6) lib/action_dispatch/journey/router.rb:50:in `block in serve'
actionpack (5.1.6) lib/action_dispatch/journey/router.rb:33:in `each'
actionpack (5.1.6) lib/action_dispatch/journey/router.rb:33:in `serve'
actionpack (5.1.6) lib/action_dispatch/routing/route_set.rb:844:in `call'
rack (2.0.5) lib/rack/etag.rb:25:in `call'
rack (2.0.5) lib/rack/conditional_get.rb:25:in `call'
rack (2.0.5) lib/rack/head.rb:12:in `call'
rack (2.0.5) lib/rack/session/abstract/id.rb:232:in `context'
rack (2.0.5) lib/rack/session/abstract/id.rb:226:in `call'
actionpack (5.1.6) lib/action_dispatch/middleware/cookies.rb:613:in `call'
activerecord (5.1.6) lib/active_record/migration.rb:556:in `call'
actionpack (5.1.6) lib/action_dispatch/middleware/callbacks.rb:26:in `block in call'
activesupport (5.1.6) lib/active_support/callbacks.rb:97:in `run_callbacks'
actionpack (5.1.6) lib/action_dispatch/middleware/callbacks.rb:24:in `call'
actionpack (5.1.6) lib/action_dispatch/middleware/executor.rb:12:in `call'
actionpack (5.1.6) lib/action_dispatch/middleware/debug_exceptions.rb:59:in `call'
web-console (3.6.2) lib/web_console/middleware.rb:135:in `call_app'
web-console (3.6.2) lib/web_console/middleware.rb:22:in `block in call'
web-console (3.6.2) lib/web_console/middleware.rb:20:in `catch'
web-console (3.6.2) lib/web_console/middleware.rb:20:in `call'
actionpack (5.1.6) lib/action_dispatch/middleware/show_exceptions.rb:31:in `call'
railties (5.1.6) lib/rails/rack/logger.rb:36:in `call_app'
railties (5.1.6) lib/rails/rack/logger.rb:24:in `block in call'
activesupport (5.1.6) lib/active_support/tagged_logging.rb:69:in `block in tagged'
activesupport (5.1.6) lib/active_support/tagged_logging.rb:26:in `tagged'
activesupport (5.1.6) lib/active_support/tagged_logging.rb:69:in `tagged'
railties (5.1.6) lib/rails/rack/logger.rb:24:in `call'
sprockets-rails (3.2.1) lib/sprockets/rails/quiet_assets.rb:13:in `call'
actionpack (5.1.6) lib/action_dispatch/middleware/remote_ip.rb:79:in `call'
actionpack (5.1.6) lib/action_dispatch/middleware/request_id.rb:25:in `call'
rack (2.0.5) lib/rack/method_override.rb:22:in `call'
rack (2.0.5) lib/rack/runtime.rb:22:in `call'
activesupport (5.1.6) lib/active_support/cache/strategy/local_cache_middleware.rb:27:in `call'
actionpack (5.1.6) lib/action_dispatch/middleware/executor.rb:12:in `call'
actionpack (5.1.6) lib/action_dispatch/middleware/static.rb:125:in `call'
rack (2.0.5) lib/rack/sendfile.rb:111:in `call'
railties (5.1.6) lib/rails/engine.rb:522:in `call'
puma (3.12.0) lib/puma/configuration.rb:225:in `call'
puma (3.12.0) lib/puma/server.rb:658:in `handle_request'
puma (3.12.0) lib/puma/server.rb:472:in `process_client'
puma (3.12.0) lib/puma/server.rb:332:in `block in run'
puma (3.12.0) lib/puma/thread_pool.rb:133:in `block in spawn_thread'
Started GET "/" for 168.223.34.211 at 2018-08-13 21:43:25 +0000
Cannot render console from 168.223.34.211! Allowed networks: 127.0.0.1, ::1, 127.0.0.0/127.255.255.255
Processing by PostController#index as HTML
Completed 500 Internal Server Error in 3ms


  
NameError (uninitialized constant PostController::Post):
  
app/controllers/post_controller.rb:4:in `index'
Started GET "/" for 168.223.34.211 at 2018-08-13 21:46:58 +0000
Cannot render console from 168.223.34.211! Allowed networks: 127.0.0.1, ::1, 127.0.0.0/127.255.255.255
Processing by PostController#index as HTML
Completed 500 Internal Server Error in 1ms


  
NameError (uninitialized constant PostController::Post):
  
app/controllers/post_controller.rb:4:in `index'
Started GET "/" for 168.223.34.211 at 2018-08-13 21:47:15 +0000
Cannot render console from 168.223.34.211! Allowed networks: 127.0.0.1, ::1, 127.0.0.0/127.255.255.255
Processing by PostController#index as HTML
  Rendering post/index.html.erb within layouts/application
  Rendered post/index.html.erb within layouts/application (0.3ms)
Completed 200 OK in 16ms (Views: 14.7ms)


Started GET "/" for 168.223.34.211 at 2018-08-13 21:49:37 +0000
Cannot render console from 168.223.34.211! Allowed networks: 127.0.0.1, ::1, 127.0.0.0/127.255.255.255
Processing by PostController#index as HTML
  Rendering post/index.html.erb within layouts/application
  Rendered post/index.html.erb within layouts/application (2.0ms)
Completed 500 Internal Server Error in 5ms


  
ActionView::Template::Error (undefined method `each' for nil:NilClass):
    1: <h1 class='title'>SnackSnap</h1>
    2: <section class="section">
    3:    <div class="container">
    4:        <% @posts.each do |post| %>
    5:            <div class="card">
    6:                <div class="card-content">
    7:                    <div class="media">
  
app/views/post/index.html.erb:4:in `_app_views_post_index_html_erb__4138211114077943522_70304153132460'
Started GET "/" for 168.223.34.211 at 2018-08-13 21:49:51 +0000
Cannot render console from 168.223.34.211! Allowed networks: 127.0.0.1, ::1, 127.0.0.0/127.255.255.255
  
ActionController::RoutingError (uninitialized constant PostsController):
  
activesupport (5.1.6) lib/active_support/inflector/methods.rb:269:in `const_get'
activesupport (5.1.6) lib/active_support/inflector/methods.rb:269:in `block in constantize'
activesupport (5.1.6) lib/active_support/inflector/methods.rb:267:in `each'
activesupport (5.1.6) lib/active_support/inflector/methods.rb:267:in `inject'
activesupport (5.1.6) lib/active_support/inflector/methods.rb:267:in `constantize'
actionpack (5.1.6) lib/action_dispatch/http/request.rb:85:in `controller_class_for'
actionpack (5.1.6) lib/action_dispatch/http/request.rb:78:in `controller_class'
actionpack (5.1.6) lib/action_dispatch/routing/route_set.rb:43:in `controller'
actionpack (5.1.6) lib/action_dispatch/routing/route_set.rb:29:in `serve'
actionpack (5.1.6) lib/action_dispatch/journey/router.rb:50:in `block in serve'
actionpack (5.1.6) lib/action_dispatch/journey/router.rb:33:in `each'
actionpack (5.1.6) lib/action_dispatch/journey/router.rb:33:in `serve'
actionpack (5.1.6) lib/action_dispatch/routing/route_set.rb:844:in `call'
rack (2.0.5) lib/rack/etag.rb:25:in `call'
rack (2.0.5) lib/rack/conditional_get.rb:25:in `call'
rack (2.0.5) lib/rack/head.rb:12:in `call'
rack (2.0.5) lib/rack/session/abstract/id.rb:232:in `context'
rack (2.0.5) lib/rack/session/abstract/id.rb:226:in `call'
actionpack (5.1.6) lib/action_dispatch/middleware/cookies.rb:613:in `call'
activerecord (5.1.6) lib/active_record/migration.rb:556:in `call'
actionpack (5.1.6) lib/action_dispatch/middleware/callbacks.rb:26:in `block in call'
activesupport (5.1.6) lib/active_support/callbacks.rb:97:in `run_callbacks'
actionpack (5.1.6) lib/action_dispatch/middleware/callbacks.rb:24:in `call'
actionpack (5.1.6) lib/action_dispatch/middleware/executor.rb:12:in `call'
actionpack (5.1.6) lib/action_dispatch/middleware/debug_exceptions.rb:59:in `call'
web-console (3.6.2) lib/web_console/middleware.rb:135:in `call_app'
web-console (3.6.2) lib/web_console/middleware.rb:22:in `block in call'
web-console (3.6.2) lib/web_console/middleware.rb:20:in `catch'
web-console (3.6.2) lib/web_console/middleware.rb:20:in `call'
actionpack (5.1.6) lib/action_dispatch/middleware/show_exceptions.rb:31:in `call'
railties (5.1.6) lib/rails/rack/logger.rb:36:in `call_app'
railties (5.1.6) lib/rails/rack/logger.rb:24:in `block in call'
activesupport (5.1.6) lib/active_support/tagged_logging.rb:69:in `block in tagged'
activesupport (5.1.6) lib/active_support/tagged_logging.rb:26:in `tagged'
activesupport (5.1.6) lib/active_support/tagged_logging.rb:69:in `tagged'
railties (5.1.6) lib/rails/rack/logger.rb:24:in `call'
sprockets-rails (3.2.1) lib/sprockets/rails/quiet_assets.rb:13:in `call'
actionpack (5.1.6) lib/action_dispatch/middleware/remote_ip.rb:79:in `call'
actionpack (5.1.6) lib/action_dispatch/middleware/request_id.rb:25:in `call'
rack (2.0.5) lib/rack/method_override.rb:22:in `call'
rack (2.0.5) lib/rack/runtime.rb:22:in `call'
activesupport (5.1.6) lib/active_support/cache/strategy/local_cache_middleware.rb:27:in `call'
actionpack (5.1.6) lib/action_dispatch/middleware/executor.rb:12:in `call'
actionpack (5.1.6) lib/action_dispatch/middleware/static.rb:125:in `call'
rack (2.0.5) lib/rack/sendfile.rb:111:in `call'
railties (5.1.6) lib/rails/engine.rb:522:in `call'
puma (3.12.0) lib/puma/configuration.rb:225:in `call'
puma (3.12.0) lib/puma/server.rb:658:in `handle_request'
puma (3.12.0) lib/puma/server.rb:472:in `process_client'
puma (3.12.0) lib/puma/server.rb:332:in `block in run'
puma (3.12.0) lib/puma/thread_pool.rb:133:in `block in spawn_thread'
Started GET "/" for 168.223.34.211 at 2018-08-13 21:50:11 +0000
Cannot render console from 168.223.34.211! Allowed networks: 127.0.0.1, ::1, 127.0.0.0/127.255.255.255
Processing by PostController#index as HTML
  Rendering post/index.html.erb within layouts/application
  Rendered post/index.html.erb within layouts/application (0.4ms)
Completed 200 OK in 18ms (Views: 17.1ms)


  [1m[35m (0.1ms)[0m  [1m[34mSELECT sqlite_version(*)[0m
  [1m[35m (141.0ms)[0m  [1m[35mCREATE TABLE "schema_migrations" ("version" varchar NOT NULL PRIMARY KEY)[0m
  [1m[35m (131.3ms)[0m  [1m[35mCREATE TABLE "ar_internal_metadata" ("key" varchar NOT NULL PRIMARY KEY, "value" varchar, "created_at" datetime NOT NULL, "updated_at" datetime NOT NULL)[0m
  [1m[35m (0.2ms)[0m  [1m[34mSELECT "schema_migrations"."version" FROM "schema_migrations" ORDER BY "schema_migrations"."version" ASC[0m
Migrating to CreatePosts (20180813215408)
  [1m[35m (0.1ms)[0m  [1m[36mbegin transaction[0m
  [1m[35m (0.4ms)[0m  [1m[35mCREATE TABLE "posts" ("id" INTEGER PRIMARY KEY AUTOINCREMENT NOT NULL, "caption" varchar, "created_at" datetime NOT NULL, "updated_at" datetime NOT NULL)[0m
  [1m[35mSQL (0.2ms)[0m  [1m[32mINSERT INTO "schema_migrations" ("version") VALUES (?)[0m  [["version", "20180813215408"]]
  [1m[35m (138.5ms)[0m  [1m[36mcommit transaction[0m
  [1m[36mActiveRecord::InternalMetadata Load (0.2ms)[0m  [1m[34mSELECT  "ar_internal_metadata".* FROM "ar_internal_metadata" WHERE "ar_internal_metadata"."key" = ? LIMIT ?[0m  [["key", "environment"], ["LIMIT", 1]]
  [1m[35m (0.1ms)[0m  [1m[36mbegin transaction[0m
  [1m[35mSQL (0.4ms)[0m  [1m[32mINSERT INTO "ar_internal_metadata" ("key", "value", "created_at", "updated_at") VALUES (?, ?, ?, ?)[0m  [["key", "environment"], ["value", "development"], ["created_at", "2018-08-13 21:54:51.462796"], ["updated_at", "2018-08-13 21:54:51.462796"]]
  [1m[35m (140.9ms)[0m  [1m[36mcommit transaction[0m
  [1m[35m (0.2ms)[0m  [1m[34mSELECT "schema_migrations"."version" FROM "schema_migrations" ORDER BY "schema_migrations"."version" ASC[0m
Started GET "/" for 168.223.34.211 at 2018-08-13 22:17:09 +0000
Cannot render console from 168.223.34.211! Allowed networks: 127.0.0.1, ::1, 127.0.0.0/127.255.255.255
  [1m[35m (0.2ms)[0m  [1m[34mSELECT "schema_migrations"."version" FROM "schema_migrations" ORDER BY "schema_migrations"."version" ASC[0m
Processing by PostController#index as HTML
  Rendering post/index.html.erb within layouts/application
  Rendered post/index.html.erb within layouts/application (0.9ms)
Completed 200 OK in 209ms (Views: 201.8ms | ActiveRecord: 0.0ms)


